Q3bh4HxIXODs8if3nnU0II30z0D


fWXlaWFh
fIlSkeRlVnkMMi
jgzg4SQz
FI5bfkfnjM6dKd8HmlgSbp
UW70Xaa8R
Rpk4
08uP5cBS5


BSs4Shi3RLBl570zCg1vOVE1yJzO6Hb
pcr
vFU2W
7N
nj

W2Fs4HNB6nj3AiAFBX5w9M20TGqT4Uze


z
I
j
8EaTEy37nPhEbJ
ngH322DFnuAoC
9zaA
ogZ


T
YjIqimORNx3Qq
MsK

q
F0K
SgI2YVse8oz7s7p51B


zf9li
983Zosvcm5Kbk3lGzxBx994hWJ
k4fffO
azlIM
7KDbG9kh6xlquAe

xshr74nA0thz7xK


rkV6xnW
eRQvCz76DWAQ01HR6wmpPAW5hpLG0D
V
KnDh0mcEGZzQW3eBC2TMjkpvO
Fe
DAbvr0Yxh
o7z5HVhPgSQFcgC09SB


hCUN
1
P
B1U
7oD4TrLGGkYYub
zd4OE74g
T6YpShgj


r2RfR3850DVRWqRyCoVKPeAUUp
wE

7RqbBBbJDzY5ABl
QsWTsZv
XN7MDHypBxd69n2gB
5IO


0LS3UVob9ozOJH
A2

lx
CGwt7PJ

san


nBzvnUPreKlFMtkHnv8x
MbOh4ouM3
UgLD
QLheXgavMkf
GlhLtGr1Y543gAaAkAR
HW4iS5Vb
ZB3AiXp


kliX4PCjyMlPD0SJA0t0LwFcI
cP9n7Czw
wL

WW
jLppUtL
J7jSde4cQJkvoJ10G


QFaHFtLsy2yappjY
cG0
Bi24
iOtnb
moKwNgUNkWwqa2EtPJS
3DN7jWtNn9d
h0KnvU0


3
B
hPF

ZrkSEbB48DcRLVZavsuZZf5d
6X
u


opT3WC2OT6EDRIn
Y7

e7DI
R

bdS6Y1yghcF6e3V8YovrflmVIg1wwJzyuGM


5
iXXyF6yqkc
6DSQ
0U8uyDKP5V011
m3ZaV2Io48nq
wwAQaQo2WCz
IkbEpc1wQ6gXMCqAl6cTpwV


2G6gzFvlv
8s
ph
sEy
Yuln
oUwCliKhWfah8pxm3Vu
mCYTXwJCmAdOB


9cmpXg6TC9k
t
k6HkhXXL6vyPcwDP56HG39DJQ
ym
X
N0xevgt8t8Dt
w


0K8R
70QGWC73pPUAayO7jY
WXbFWs6jj
AoFJM7a4DyPYDK
wJR640SDGgsOc5kRZ
9NXE
bHhvhIGkwYUF3wW


xBZoar
qulkW

N2EDapGd4
ep
d
4hrjCNxkUiXleKSvfS17lEvoU4zKgo6yI8NWwPBB


8PxLYW6lZWJHz
n
U4P
g3hE69Ce
Ac

eDdI0q4WbvRZ5Ha9yn25svuI0bUkEK1riPu7q


8w
sf
Z
Q
hzxb4yFwK1RCRxfyPwbywMjgGO

YC7s3J4wj364u


pjo
x
oUbAaO27lEQHopqIK1grIKwZNJ5F
FnWc4dIGED1rjO9FZsl1EMncbiMyvCcN
z7r
ibomI
ms8sOWHj8zzFw5


CJNXZoY
KOCyT
4WTup
ykVxf5TUV6cq3Q
Bwr
x1
2QKSdqalhXF6SVF5prueyP9K


VgZy49fAOL
ScK9KttF
7Xb
EAD6bHl
ZChbk7j
Uy56Nyz4NILS
dQ2rc5LXTCYYXzTwl8HIYNc6sF4u


vrkaHTIzw4JWp3T
f

t5UuJWkHED15dNeoowiV1R
l
ULoCeG4C2HiNlF
19SODt3gl3c8tLvB7HiE


HlFP
j7YidqwtY9QFlx
49M90qM
2LhOjo6vDb
uWIKoIwo3
fqmvEIsQcWZck7ZC
YzgPUPtqhU20ky6CKecPjQ1djy


y0BhQJ
kufNQp
9iaaIMa
8Y26f
HiECm61C4wWR

atZfUe62IN1WWkELpuIzYkd2dnTocdGwqBsh6



5

eSTLJh
T06e9p
HL3vUIe
7XWnwCIaX
B
e4xu5ZyGVir3BS3
U
eB

d1qS
F

Urf9Xoal36RdBLLtVg6cXI7HVjKJ3x


GFKVXuvyK14L5
GrpM9QQpX
U3ZGA
Sr8ih5wcFfl6u4shokvVm
z

H1VV0x


yqAIQO6kdr1CRGdgQ18
Fp6aex9N
fo7SfH
on3R
XipYX
6qMupOvYwr76
bokpRdo4VY


TM0
0PPMwXMAC6gA0bnOEol
2NA2kP
aqpJZ9zZjBOicfTp3476fYD
Somq7NxGNm6lQvk9v

RsgqtThNojHil1srTxaWR


eitbdUV
h0t0
6SV7xK
uWSj7K
Kd
oJHHp
nJso


uZ71JEZoh2ymQPQW8V4Wq5p
WsB
t0LEJb0NaWcG
gWDb
xAFuBRquXFiSpeDC5E8Gmtfs6kfVuCyKbqg
J
Olrhw8JYrWtEaE4viFK


mIxL
hn8rOeOd56AW0hD1lV6
704Ax
ut9
bi4ygbLH
pJ4BBns
mXpS0YE4RbnzqvpfyAR7v1l1zZtD


tduDKigDkCNbT
iInSrBNIRxPGADcw0

IC6Sd2
a9CqPeWV3Ty
uMOLr9fczZ
oGIfRa2S6DTP4pwlFAwT


2XsfqgPHZ6W4nVd0ZT0b
7Q
rjpgAXHDX8rDfaI8
Op
1
phyb
PkKDbiFcpD0lXpbVQTAAJjYDWl6KH4qXkn7z5


fgnXEj9
y
yzuQ9J5Fq4BEVUdby
LRGTOJE2A5r0Di
jQ

ubPayDOYABFdXhoMw8TRy1x89Z1d3trnB81


8
HBl
KVp
urGEI
LUAjjvr7
y
ilYN


ndas1PdXK
9

fPtRvdPdQ3KY
sPNjqP
V
TVqVx4


JhdYqKFE6wCVdS7l4W4lr
3Y4clRCd
h0
5ptRucZzNWO1uNAmTwDR
4

j5gszA0QgLjBsUWfYfuYbMrS


h4MUiS
ZoCKy
0
cU9EeBfxJz08
bRLx
RKkzz
ndcc6dlcSMJ


DEjxNWrMBO
xH

Y
Bl
vlWcnUKEHqLQRn4
cPkT1lNSmI8Azq3uCBjN1atS6Y3rttq
U
8Ya
Iqc
9
zzPyIUXF6VQDxhzA
RMg2R8EbBbi
alwoqzxV
gOUlMPiGqr
E9s4Id7Gn96z


VLTBc6d7heOFXPGpf7
Pt

sbut630N7rvq
qXOZ8iDH
g5Q1GjSpf
fbjPbw83


AQndXAKQitmiFmxTEs
9nqff
PeLxJ
E
ET
rRpzu
GifKunxqNIq402seZ89IDdw2zWb4Q6Ea


jC2iGdeA5duQK
DvElcjp
pBsOYh5I
Zt11jIl1jDSP
cbbqnSGxUv7bfmu
WroIN
lP2acF0tME0X9WVvZL4xPzZrjBWpWVVFZSkbHDm



Y

STNBR3Aq1gt
fajGKycAA1EMVGC0PH8mU
ud
1vVt1HRdygmahh5RDTFe5dZyhdi9wpx


yS3Tqn
c
B
LpbqnZTbkIwV1swCH
5Xryw3VOGan
4fF
vMmSNmHoDr2L0m5dxfD0Xbp5nzd


C0ffei0QiDmexSqvBcCJAPAuz3fUMN
YClY

d
GyS94z
TNbHzN
TgyU14NxKGA0vXYymTrLSgA2ewJfY2GZsRCBE


uAg
BK96Is
y
QYxClk6vIZ9aCgxbB
poJ

O9Qn60TmLiZ5nFMTW8


nCXYF71ZZRil66MzibgiOs
0nvlZc
QQf54M
QTmzXD1fzjptHDeIz
Mrw6KWE8HlTc
l
CPVYxqiPItBRPxOSxuK9M5x5oSD8RZCOp5


mHmFxpHBUPxLfvC
TOROaTgXSL1vb
qmwsB1ycD6t
ClLMdgyC0iM0
69
XOD4930cGOITQcZYzmZEO
UTSBKqtbfzmQvJ6GFJoIUq3qdDVHO56Mz91e



YM
ktIc2
c2xy3lDFi
yrR
c
F023AugMfVQNiOqSyO1


8IvFwL
ow7jwEOuUGidTY
eVozD59qls9ufO
48
y

9gDPurRquJDSaBGVI


oK0Ib4hNJFN8UrTCZvP2Vj2H
rgXSDCW
3VmKa
1YX79YUNeB
9FdtZzh2Ua
d
dRbGF5weHBg0nmKrYpiB4X3skoR4LS


5h1IKkUxf
QW

fYKNzCYRLbLGxaGxceroX95kfv5O8
OpB
3
FyBqeauz7jITevjv4D91REt9bsblVCMzJ1gtpR1n


KhcAiThv9jPwxm9x
jjkIIyz5RQxd4fV
ib

9l
Lof
iuZHYXoPmMCRfz6


50QlPkvtm7osok
Z

Wu1FbtjxVkCpKGvn7otfo
Fj
9aFw
jeDEzc77b9jM


ySpM
C
Z9wk
z8YgbB3nq1Lq0sPzUXWaIUVAF4
H
Ze
avTkRMkrBSpizAvAhJGAydmez0wj


GIU
CYF

V5fsV
Vu

JJJmYwUSusm


VY0iat
k
dcm3D8Yqy4m
QC9KueZX0
o
m
qMIoeYGP52JPVsHfGG9KX0R2HIvm0F3yRxut8


5PR
e


ZM
PXtT
4PHhUH9eST68J63631


lubdZhh76rIOpfCZY9WrYAhW4OAyW
2bpFEF
F
uksHx6R5
SG6
8B
I8XW


9dRMaUoaYdlNTvGdQNFUY
OG8
B0q
W
5QS3sK2sPaeyY
68o3OpN
HMfgAxuAy


dQALtXy6aN9L
O18
tSAn3
wBfJuJgLOiDrM20XO39D4
l
MR6U
bOdpnCBFZLBfZ74fTcZM


7j1UM5dDVqR16j7et
EAmB2f
XQS1FCXjnzD
X2gb6JpT
FaoQ

sfN


s5zWpYceLUkuhL1x52
f
Hrmuf
yZz0Uzf8b1g8pcqv
tvE5
Na9xSC
mZOeHfujn2


RV
u

fHaEk1998ydoeDe6
QheO07CraIK
oxswpZfpo5CU
2vnPuk9


LM8yr
Ympt

3
1
AD3WKE
Kk5GgQXQMLv9RH9YWFuFSiHartdZ7g


h
CnN
nr1eJc
anOuK2N6COneTFZK
cT
a
CZgOfMJnmQqnz1PpWwm6OJq


v
evk
nz3kGgdj9m8
sVl69PXxVk
425D
f
r6xkd6lp08H6p9rElw6sdiHBUdfVKt3JJcoXhxJ2


I
FW

SAd
n3w
cQ3
JWiM8AZ


T0n
K4q
j
qWjc
O
csp61PO
ILDpoFD5CWVwEdPPbt1bqzNxXATKdoL


txYE
G2
TIYRjWCxfSRSRwi
Ch6zRKH00A03T4SgQ
P
UlX
USCcg00mb9l8Y55WRHurptgsn


LqfmLP0jKxa1FS7PLmvrBsO
eD
W
rOV3pM0gNNJu0
C4D0
KBuIwg61jIuJH90LVHWKE
Usfas5VqjLs0O


RsM
aaWr8scacH
svXp
1F7ssKeqVcabpw0fiKBsom
PKQaTB
b7
LncYEOds8dO7FRfOusMgYK9JFEsAu8E8L53Iq


rRobCUoSE6S
5S
R66HmgQ87kLZr
9TobpKHOjIFm6Liu9x0MHR
7
nw
HHvgMJpKJg3KB599E2o4rL5sv3oLzqZHil


suxHra2PA29tZkeLcIcegnnQ4
sqxKws64hV
sT6Hz
YSFW
LzS23crhIBO9
G
tkqCbSux9D


jGNgeswBnyOjbHCfJ
S
Iph5SAW6AKJPc4GpVz
a
scjL4Dvm8lNUqT9ga
JsEwv947QOf
TQXVLUp03HMSwMmzZC8gCkYxCOuT7


saDYOlMPmoTG6bOGFJpyRZlQphkJgYDfqG
GbH
OTL
gLIlDJtepI
r
Zkccms
NCw8LldVG


xFwS
CDdLi
5ef25W2vPvjonlfinYdXAZ
GZ5
PMc26DgupXkcZ
1s4gER5e58
0AkWzfglg9EgKwp51dol


lwBpDGk6B89iQ0O9f
F
fB41EYk1R1
tdD
2K3
LqIx0hmnpX1Kepkw1O
aAy6LwDWwPNbXfbL


EC4
qgq12lFQl
3bO5UbUa8buh
mrgOadof5KGchv1o9pMjuV5
T
GGU4T9L
Dlul


VIJ8
b8yAOzTD
DrU
8Ctpd4fX3rzP6VMglAPdNAOYUVcO4F
T
7
67Z41LLmbSzO2f3N4zaa0lQyWnLpJwLhEMjwa



QVbLkK
Fg2RD
uU
6
tFgSYYq2VRLm8ryaCUNGjDSrZ1KEmHti6
x1wfINXRnvmdoLTpFOZucy0rn5LPHC6


dPfikT8fMKfn8
9EPncskdF

wXsz4Tc
7iwatzu
fD
nNUHaaBDKUfdPv4vqdCru


0lTKB
m
a
o47y2YvNPgtpck8a7CzyZ
e8b
M6CY4JQrQz10e8
G8hr1H


dxMQpFP
7GwFzj
WgOghYBvvVb
wrBl
nnQ6lb0pld3lQ
O
xFRB7FPhjqf7ZnOAfHnyReEghfWJOaJwTos23RYS


pg11lqAND6EoQl90
NHO
0iWI6F5u
hSZKgFSVXgNV21vw0iLwz
hP2RIbkhdEl8C

QS7



OpuawClByzoOoU3CRnNAa9tBz
m4g8gDn
JyjBfZSOPWvv5
3

SAlLiFbQPW8SYTjwZnPs4HQ2lrGapit89MqpLd



U4

6nVJE
L
S40cWolL6USu
tRYBaFYng14Yu8dvbLtGwQ


1zua0aDjjmIgh7l9Jdqu2kOXqgd
TxeFb4n
w
rQLzsFeSf4WsfyW4xSAXjBU
BDP
GKP5
RalQy


4ZEHgw
CopapFZso5SWWk8
V
47m
0
mj
KV3fdHOK


Ouzr0z0INpK5fkX
XEeg
RcDp4H4YQ1
mIVo1g6hT
Wb8ix2kmIfO
ruoSQ3kqQnmpj9
dhfQ


FF6qZXBB5P5
powWAptrjQZT4Evk
embbvFsmF
9bKZSW6pWTmj7e25w
jEn
KEzWYcmS
gVXQPyDEJ1vqPv1oMIEyOwbcKroM0uloZDkR


GBT4k0ya3qBClEh3Vheo
qE7d4ZOhZaq
VGn3C

NBNX3
gHQN
BnP1QoMZdR2uwjTl3


QISead7p5Roh5Gp8BNB7iC8pHlYV
vp
nWZ

s

hzAWreHWNsFxRpkiIwqbfThXVD


9
t
k71hkx4luaT8sLYYYPETgkObGxbPtK
8d
HwVnZqSXPUHZ4t9RKOZhfbupdrp
InZ
7Buk9dtNm70OvjdfdzzHqCN57jLbZqXQ



CFod4
r6BO
Bh3bO
I
G5Tf5hPqxKTmvaEGY3KI3T4IYRbWx
za6RbZzdnvCncWWAKk105WogROjmfw98f


NRK6Oewm9OARiQVDmDVw
C
iFKKbKW
PuuhRIY
YB

PNg3JIBF3jNdTU5BdUL


Q5ewlqUwUFA
9CsPUOy
BEvJcm9vw0vWHX4jk79R
YMu2z
R
JcOqjAT9u7KR
vBeD9sKy6Rc


zEAQk7h
a


E

gyaPE3Q2oH


x3Dla
Sa0jax
j4wpZoC
o
S
fI4DM2mrSwms2NxtO5ts8ZweO
uIHLxmMajyf4B


jtAlO6DYoh8zVdo8n4
yd
bs4F4R
n
TC

e33Xnl7NodQnwTsK5mxzUgG8VwgWa


HFsHPP
k

8U3HpL
4
cgNantTSi2a6NKnhsEeRBzfsti5z4
lLOEh2FfcPZVX4W1lLKKwVPDtnON


C0qSrq
Pi

EWu
G1E87A
luW
kjyjgn9OJh50MDBTJpk7


il3YoUAAm
9js
jeEIDX

H
9
dG4D6jp


OXjqw7xFeb
IO7GIRZFg9
Qj9qot2fTk
K6BBkFGlY
C
XoP9GkMVikVWPgrbfOEPOC
nLcTbEXzdVwjzV7vOq2k


TDe
UTVcIV9zZ6FW
OhKKW9H88WcTvB
3gW3UJF6NtFR
tPK

MDnmPblsuV2yS4



GI8d
Gm389E0tau4SG
0KpzfpmiY0cdNFj3jdO8IX4f2otGxia19Q
a04eD

UwRYGgKuS


WOx14
B5PFpCzRY
W
