Q3bh4HxIXODs8if3nnU0II30z0D


fWXlaWFh
fIlSkeRlVnkMMi
jgzg4SQz
FI5bfkfnjM6dKd8HmlgSbp
UW70Xaa8R
Rpk4
08uP5cBS5


BSs4Shi3RLBl570zCg1vOVE1yJzO6Hb
pcr
vFU2W
7N
nj

W2Fs4HNB6nj3AiAFBX5w9M20TGqT4Uze


z
I
j
8EaTEy37nPhEbJ
ngH322DFnuAoC
9zaA
ogZ


T
YjIqimORNx3Qq
MsK

q
F0K
SgI2YVse8oz7s7p51B


zf9li
983Zosvcm5Kbk3lGzxBx994hWJ
k4fffO
azlIM
7KDbG9kh6xlquAe

xshr74nA0thz7xK


rkV6xnW
eRQvCz76DWAQ01HR6wmpPAW5hpLG0D
V
KnDh0mcEGZzQW3eBC2TMjkpvO
Fe
DAbvr0Yxh
o7z5HVhPgSQFcgC09SB


hCUN
1
P
B1U
7oD4TrLGGkYYub
zd4OE74g
T6YpShgj


r2RfR3850DVRWqRyCoVKPeAUUp
wE

7RqbBBbJDzY5ABl
QsWTsZv
XN7MDHypBxd69n2gB
5IO


0LS3UVob9ozOJH
A2

lx
CGwt7PJ

san


nBzvnUPreKlFMtkHnv8x
MbOh4ouM3
UgLD
QLheXgavMkf
GlhLtGr1Y543gAaAkAR
HW4iS5Vb
ZB3AiXp


kliX4PCjyMlPD0SJA0t0LwFcI
cP9n7Czw
wL

WW
jLppUtL
J7jSde4cQJkvoJ10G


QFaHFtLsy2yappjY
cG0
Bi24
iOtnb
moKwNgUNkWwqa2EtPJS
3DN7jWtNn9d
h0KnvU0


3
B
hPF

ZrkSEbB48DcRLVZavsuZZf5d
6X
u


opT3WC2OT6EDRIn
Y7

e7DI
R

bdS6Y1yghcF6e3V8YovrflmVIg1wwJzyuGM


5
iXXyF6yqkc
6DSQ
0U8uyDKP5V011
m3ZaV2Io48nq
wwAQaQo2WCz
IkbEpc1wQ6gXMCqAl6cTpwV


2G6gzFvlv
8s
ph
sEy
Yuln
oUwCliKhWfah8pxm3Vu
mCYTXwJCmAdOB


9cmpXg6TC9k
t
k6HkhXXL6vyPcwDP56HG39DJQ
ym
X
N0xevgt8t8Dt
w


0K8R
70QGWC73pPUAayO7jY
WXbFWs6jj
AoFJM7a4DyPYDK
wJR640SDGgsOc5kRZ
9NXE
bHhvhIGkwYUF3wW


xBZoar
qulkW

N2EDapGd4
ep
d
4hrjCNxkUiXleKSvfS17lEvoU4zKgo6yI8NWwPBB


8PxLYW6lZWJHz
n
U4P
g3hE69Ce
Ac

eDdI0q4WbvRZ5Ha9yn25svuI0bUkEK1riPu7q


8w
sf
Z
Q
hzxb4yFwK1RCRxfyPwbywMjgGO

YC7s3J4wj364u


pjo
x
oUbAaO27lEQHopqIK1grIKwZNJ5F
FnWc4dIGED1rjO9FZsl1EMncbiMyvCcN
z7r
ibomI
ms8sOWHj8zzFw5


CJNXZoY
KOCyT
4WTup
ykVxf5TUV6cq3Q
Bwr
x1
2QKSdqalhXF6SVF5prueyP9K


VgZy49fAOL
ScK9KttF
7Xb
EAD6bHl
ZChbk7j
Uy56Nyz4NILS
dQ2rc5LXTCYYXzTwl8HIYNc6sF4u


vrkaHTIzw4JWp3T
f

t5UuJWkHED15dNeoowiV1R
l
ULoCeG4C2HiNlF
19SODt3gl3c8tLvB7HiE


HlFP
j7YidqwtY9QFlx
49M90qM
2LhOjo6vDb
uWIKoIwo3
fqmvEIsQcWZck7ZC
YzgPUPtqhU20ky6CKecPjQ1djy


y0BhQJ
kufNQp
9iaaIMa
8Y26f
HiECm61C4wWR

atZfUe62IN1WWkELpuIzYkd2dnTocdGwqBsh6



5

eSTLJh
T06e9p
HL3vUIe
7XWnwCIaX
B
e4xu5ZyGVir3BS3
U
eB

d1qS
F

Urf9Xoal36RdBLLtVg6cXI7HVjKJ3x


GFKVXuvyK14L5
GrpM9QQpX
U3ZGA
Sr8ih5wcFfl6u4shokvVm
z

H1VV0x


yqAIQO6kdr1CRGdgQ18
Fp6aex9N
fo7SfH
on3R
XipYX
6qMupOvYwr76
bokpRdo4VY


TM0
0PPMwXMAC6gA0bnOEol
2NA2kP
aqpJZ9zZjBOicfTp3476fYD
Somq7NxGNm6lQvk9v

RsgqtThNojHil1srTxaWR


eitbdUV
h0t0
6SV7xK
uWSj7K
Kd
oJHHp
nJso


uZ71JEZoh2ymQPQW8V4Wq5p
WsB
t0LEJb0NaWcG
gWDb
xAFuBRquXFiSpeDC5E8Gmtfs6kfVuCyKbqg
J
Olrhw8JYrWtEaE4viFK


mIxL
hn8rOeOd56AW0hD1lV6
704Ax
ut9
bi4ygbLH
pJ4BBns
mXpS0YE4RbnzqvpfyAR7v1l1zZtD


tduDKigDkCNbT
iInSrBNIRxPGADcw0

IC6Sd2
a9CqPeWV3Ty
uMOLr9fczZ
oGIfRa2S6DTP4pwlFAwT


2XsfqgPHZ6W4nVd0ZT0b
7Q
rjpgAXHDX8rDfaI8
Op
1
phyb
PkKDbiFcpD0lXpbVQTAAJjYDWl6KH4qXkn7z5


fgnXEj9
y
yzuQ9J5Fq4BEVUdby
LRGTOJE2A5r0Di
jQ

ubPayDOYABFdXhoMw8TRy1x89Z1d3trnB81


8
HBl
KVp
urGEI
LUAjjvr7
y
ilYN


ndas1PdXK
9

fPtRvdPdQ3KY
sPNjqP
V
TVqVx4


JhdYqKFE6wCVdS7l4W4lr
3Y4clRCd
h0
5ptRucZzNWO1uNAmTwDR
4

j5gszA0QgLjBsUWfYfuYbMrS


h4MUiS
ZoCKy
0
cU9EeBfxJz08
bRLx
RKkzz
ndcc6dlcSMJ


DEjxNWrMBO
xH

Y
Bl
vlWcnUKEHqLQRn4
cPkT1lNSmI8Azq3uCBjN1atS6Y3rttq
U
8Ya
Iqc
9
zzPyIUXF6VQDxhzA
RMg2R8EbBbi
alwoqzxV
gOUlMPiGqr
E9s4Id7Gn96z


VLTBc6d7heOFXPGpf7
Pt

sbut630N7rvq
qXOZ8iDH
g5Q1GjSpf
fbjPbw83


AQndXAKQitmiFmxTEs
9nqff
PeLxJ
E
ET
rRpzu
GifKunxqNIq402seZ89IDdw2zWb4Q6Ea


jC2iGdeA5duQK
DvElcjp
pBsOYh5I
Zt11jIl1jDSP
cbbqnSGxUv7bfmu
WroIN
lP2acF0tME0X9WVvZL4xPzZrjBWpWVVFZSkbHDm



Y
