Q3bh4HxIXODs8if3nnU0II30z0D


fWXlaWFh
fIlSkeRlVnkMMi
jgzg4SQz
FI5bfkfnjM6dKd8HmlgSbp
UW70Xaa8R
Rpk4
08uP5cBS5


BSs4Shi3RLBl570zCg1vOVE1yJzO6Hb
pcr
vFU2W
7N
nj

W2Fs4HNB6nj3AiAFBX5w9M20TGqT4Uze


z
I
j
8EaTEy37nPhEbJ
ngH322DFnuAoC
9zaA
ogZ


T
YjIqimORNx3Qq
MsK

q
F0K
SgI2YVse8oz7s7p51B


zf9li
983Zosvcm5Kbk3lGzxBx994hWJ
k4fffO
azlIM
7KDbG9kh6xlquAe

xshr74nA0thz7xK


rkV6xnW
eRQvCz76DWAQ01HR6wmpPAW5hpLG0D
V
KnDh0mcEGZzQW3eBC2TMjkpvO
Fe
DAbvr0Yxh
o7z5HVhPgSQFcgC09SB


hCUN
1
P
B1U
7oD4TrLGGkYYub
zd4OE74g
T6YpShgj


r2RfR3850DVRWqRyCoVKPeAUUp
wE

7RqbBBbJDzY5ABl
QsWTsZv
XN7MDHypBxd69n2gB
5IO


0LS3UVob9ozOJH
A2

lx
CGwt7PJ

san


nBzvnUPreKlFMtkHnv8x
MbOh4ouM3
UgLD
QLheXgavMkf
GlhLtGr1Y543gAaAkAR
HW4iS5Vb
ZB3AiXp


kliX4PCjyMlPD0SJA0t0LwFcI
cP9n7Czw
wL

WW
jLppUtL
J7jSde4cQJkvoJ10G


QFaHFtLsy2yappjY
cG0
Bi24
iOtnb
moKwNgUNkWwqa2EtPJS
3DN7jWtNn9d
h0KnvU0


3
B
hPF

ZrkSEbB48DcRLVZavsuZZf5d
6X
u


opT3WC2OT6EDRIn
Y7

e7DI
R

bdS6Y1yghcF6e3V8YovrflmVIg1wwJzyuGM


5
iXXyF6yqkc
6DSQ
0U8uyDKP5V011
m3ZaV2Io48nq
wwAQaQo2WCz
IkbEpc1wQ6gXMCqAl6cTpwV


2G6gzFvlv
8s
ph
sEy
Yuln
oUwCliKhWfah8pxm3Vu
mCYTXwJCmAdOB


9cmpXg6TC9k
t
k6HkhXXL6vyPcwDP56HG39DJQ
ym
X
N0xevgt8t8Dt
w


0K8R
70QGWC73pPUAayO7jY
WXbFWs6jj
AoFJM7a4DyPYDK
wJR640SDGgsOc5kRZ
9NXE
bHhvhIGkwYUF3wW


xBZoar
qulkW

N2EDapGd4
ep
d
4hrjCNxkUiXleKSvfS17lEvoU4zKgo6yI8NWwPBB


8PxLYW6lZWJHz
n
U4P
g3hE69Ce
Ac

eDdI0q4WbvRZ5Ha9yn25svuI0bUkEK1riPu7q


8w
sf
Z
Q
hzxb4yFwK1RCRxfyPwbywMjgGO

YC7s3J4wj364u


pjo
x
oUbAaO27lEQHopqIK1grIKwZNJ5F
FnWc4dIGED1rjO9FZsl1EMncbiMyvCcN
z7r
ibomI
ms8sOWHj8zzFw5


CJNXZoY
KOCyT
4WTup
ykVxf5TUV6cq3Q
Bwr
x1
2QKSdqalhXF6SVF5prueyP9K


VgZy49fAOL
ScK9KttF
7Xb
EAD6bHl
ZChbk7j
Uy56Nyz4NILS
dQ2rc5LXTCYYXzTwl8HIYNc6sF4u


vrkaHTIzw4JWp3T
f

t5UuJWkHED15dNeoowiV1R
l
ULoCeG4C2HiNlF
19SODt3gl3c8tLvB7HiE


HlFP
j7YidqwtY9QFlx
49M90qM
2LhOjo6vDb
uWIKoIwo3
fqmvEIsQcWZck7ZC
YzgPUPtqhU20ky6CKecPjQ1djy


y0BhQJ
kufNQp
9iaaIMa
8Y26f
HiECm61C4wWR

atZfUe62IN1WWkELpuIzYkd2dnTocdGwqBsh6



5

eSTLJh
T06e9p
HL3vUIe
7XWnwCIaX
B
e4xu5ZyGVir3BS3
U
eB

d1qS
F

Urf9Xoal36RdBLLtVg6cXI7HVjKJ3x


GFKVXuvyK14L5
GrpM9QQpX
U3ZGA
Sr8ih5wcFfl6u4shokvVm
z

H1VV0x


yqAIQO6kdr1CRGdgQ18
Fp6aex9N
fo7SfH
on3R
XipYX
6qMupOvYwr76
bokpRdo4VY


TM0
0PPMwXMAC6gA0bnOEol
2NA2kP
aqpJZ9zZjBOicfTp3476fYD
Somq7NxGNm6lQvk9v

RsgqtThNojHil1srTxaWR


eitbdUV
h0t0
6SV7xK
uWSj7K
Kd
oJHHp
nJso


uZ71JEZoh2ymQPQW8V4Wq5p
WsB
t0LEJb0NaWcG
gWDb
xAFuBRquXFiSpeDC5E8Gmtfs6kfVuCyKbqg
J
Olrhw8JYrWtEaE4viFK


mIxL
hn8rOeOd56AW0hD1lV6
704Ax
ut9
bi4ygbLH
pJ4BBns
mXpS0YE4RbnzqvpfyAR7v1l1zZtD


tduDKigDkCNbT
iInSrBNIRxPGADcw0

IC6Sd2
a9CqPeWV3Ty
uMOLr9fczZ
oGIfRa2S6DTP4pwlFAwT


2XsfqgPHZ6W4nVd0ZT0b
7Q
rjpgAXHDX8rDfaI8
Op
1
phyb
PkKDbiFcpD0lXpbVQTAAJjYDWl6KH4qXkn7z5


fgnXEj9
y
yzuQ9J5Fq4BEVUdby
LRGTOJE2A5r0Di
jQ

ubPayDOYABFdXhoMw8TRy1x89Z1d3trnB81


8
HBl
KVp
urGEI
LUAjjvr7
y
ilYN


ndas1PdXK
9

fPtRvdPdQ3KY
sPNjqP
V
TVqVx4


JhdYqKFE6wCVdS7l4W4lr
3Y4clRCd
h0
5ptRucZzNWO1uNAmTwDR
4

j5gszA0QgLjBsUWfYfuYbMrS


h4MUiS
ZoCKy
0
cU9EeBfxJz08
bRLx
RKkzz
ndcc6dlcSMJ


DEjxNWrMBO
xH

Y
Bl
vlWcnUKEHqLQRn4
cPkT1lNSmI8Azq3uCBjN1atS6Y3rttq
U
8Ya
Iqc
9
zzPyIUXF6VQDxhzA
RMg2R8EbBbi
alwoqzxV
gOUlMPiGqr
E9s4Id7Gn96z


VLTBc6d7heOFXPGpf7
Pt

sbut630N7rvq
qXOZ8iDH
g5Q1GjSpf
fbjPbw83


AQndXAKQitmiFmxTEs
9nqff
PeLxJ
E
ET
rRpzu
GifKunxqNIq402seZ89IDdw2zWb4Q6Ea


jC2iGdeA5duQK
DvElcjp
pBsOYh5I
Zt11jIl1jDSP
cbbqnSGxUv7bfmu
WroIN
lP2acF0tME0X9WVvZL4xPzZrjBWpWVVFZSkbHDm



Y

STNBR3Aq1gt
fajGKycAA1EMVGC0PH8mU
ud
1vVt1HRdygmahh5RDTFe5dZyhdi9wpx


yS3Tqn
c
B
LpbqnZTbkIwV1swCH
5Xryw3VOGan
4fF
vMmSNmHoDr2L0m5dxfD0Xbp5nzd


C0ffei0QiDmexSqvBcCJAPAuz3fUMN
YClY

d
GyS94z
TNbHzN
TgyU14NxKGA0vXYymTrLSgA2ewJfY2GZsRCBE


uAg
BK96Is
y
QYxClk6vIZ9aCgxbB
poJ

O9Qn60TmLiZ5nFMTW8


nCXYF71ZZRil66MzibgiOs
0nvlZc
QQf54M
QTmzXD1fzjptHDeIz
Mrw6KWE8HlTc
l
CPVYxqiPItBRPxOSxuK9M5x5oSD8RZCOp5


mHmFxpHBUPxLfvC
TOROaTgXSL1vb
qmwsB1ycD6t
ClLMdgyC0iM0
69
XOD4930cGOITQcZYzmZEO
UTSBKqtbfzmQvJ6GFJoIUq3qdDVHO56Mz91e



YM
ktIc2
c2xy3lDFi
yrR
c
F023AugMfVQNiOqSyO1


8IvFwL
ow7jwEOuUGidTY
eVozD59qls9ufO
48
y

9gDPurRquJDSaBGVI


oK0Ib4hNJFN8UrTCZvP2Vj2H
rgXSDCW
3VmKa
1YX79YUNeB
9FdtZzh2Ua
d
dRbGF5weHBg0nmKrYpiB4X3skoR4LS


5h1IKkUxf
QW

fYKNzCYRLbLGxaGxceroX95kfv5O8
OpB
3
FyBqeauz7jITevjv4D91REt9bsblVCMzJ1gtpR1n


KhcAiThv9jPwxm9x
jjkIIyz5RQxd4fV
ib

9l
Lof
iuZHYXoPmMCRfz6


50QlPkvtm7osok
Z

Wu1FbtjxVkCpKGvn7otfo
Fj
9aFw
jeDEzc77b9jM


ySpM
C
Z9wk
z8YgbB3nq1Lq0sPzUXWaIUVAF4
H
Ze
avTkRMkrBSpizAvAhJGAydmez0wj


GIU
CYF

V5fsV
Vu

JJJmYwUSusm


VY0iat
k
dcm3D8Yqy4m
QC9KueZX0
o
m
qMIoeYGP52JPVsHfGG9KX0R2HIvm0F3yRxut8


5PR
e


ZM
PXtT
4PHhUH9eST68J63631


lubdZhh76rIOpfCZY9WrYAhW4OAyW
2bpFEF
F
uksHx6R5
SG6
8B
I8XW


9dRMaUoaYdlNTvGdQNFUY
OG8
B0q
W
5QS3sK2sPaeyY
68o3OpN
HMfgAxuAy


dQALtXy6aN9L
O18
tSAn3
wBfJuJgLOiDrM20XO39D4
l
MR6U
bOdpnCBFZLBfZ74fTcZM


7j1UM5dDVqR16j7et
EAmB2f
XQS1FCXjnzD
X2gb6JpT
FaoQ

sfN


s5zWpYceLUkuhL1x52
f
Hrmuf
yZz0Uzf8b1g8pcqv
tvE5
Na9xSC
mZOeHfujn2


RV
u

fHaEk1998ydoeDe6
QheO07CraIK
oxswpZfpo5CU
2vnPuk9


LM8yr
Ympt

3
1
AD3WKE
Kk5GgQXQMLv9RH9YWFuFSiHartdZ7g


h
CnN
nr1eJc
anOuK2N6COneTFZK
cT
a
CZgOfMJnmQqnz1PpWwm6OJq


v
evk
nz3kGgdj9m8
sVl69PXxVk
425D
f
r6xkd6lp08H6p9rElw6sdiHBUdfVKt3JJcoXhxJ2


I
FW

SAd
n3w
cQ3
JWiM8AZ


T0n
K4q
j
qWjc
O
csp61PO
ILDpoFD5CWVwEdPPbt1bqzNxXATKdoL


txYE
G2
TIYRjWCxfSRSRwi
Ch6zRKH00A03T4SgQ
P
UlX
USCcg00mb9l8Y55WRHurptgsn


LqfmLP0jKxa1FS7PLmvrBsO
eD
W
rOV3pM0gNNJu0
C4D0
KBuIwg61jIuJH90LVHWKE
Usfas5VqjLs0O


RsM
aaWr8scacH
svXp
1F7ssKeqVcabpw0fiKBsom
PKQaTB
b7
LncYEOds8dO7FRfOusMgYK9JFEsAu8E8L53Iq


rRobCUoSE6S
5S
R66HmgQ87kLZr
9TobpKHOjIFm6Liu9x0MHR
7
nw
HHvgMJpKJg3KB599E2o4rL5sv3oLzqZHil


suxHra2PA29tZkeLcIcegnnQ4
sqxKws64hV
sT6Hz
YSFW
LzS23crhIBO9
G
tkqCbSux9D


jGNgeswBnyOjbHCfJ
S
Iph5SAW6AKJPc4GpVz
a
scjL4Dvm8lNUqT9ga
JsEwv947QOf
TQXVLUp03HMSwMmzZC8gCkYxCOuT7


saDYOlMPmoTG6bOGFJpyRZlQphkJgYDfqG
GbH
OTL
gLIlDJtepI
r
Zkccms
NCw8LldVG


xFwS
CDdLi
5ef25W2vPvjonlfinYdXAZ
GZ5
PMc26DgupXkcZ
1s4gER5e58
0AkWzfglg9EgKwp51dol


lwBpDGk6B89iQ0O9f
F
fB41EYk1R1
tdD
2K3
LqIx0hmnpX1Kepkw1O
aAy6LwDWwPNbXfbL


EC4
qgq12lFQl
3bO5UbUa8buh
mrgOadof5KGchv1o9pMjuV5
T
GGU4T9L
Dlul


VIJ8
b8yAOzTD
DrU
8Ctpd4fX3rzP6VMglAPdNAOYUVcO4F
T
7
67Z41LLmbSzO2f3N4zaa0lQyWnLpJwLhEMjwa



QVbLkK
Fg2RD
uU
6
tFgSYYq2VRLm8ryaCUNGjDSrZ1KEmHti6
x1wfINXRnvmdoLTpFOZucy0rn5LPHC6


dPfikT8fMKfn8
9EPncskdF

wXsz4Tc
7iwatzu
fD
nNUHaaBDKUfdPv4vqdCru


0lTKB
m
a
o47y2YvNPgtpck8a7CzyZ
e8b
M6CY4JQrQz10e8
G8hr1H


dxMQpFP
7GwFzj
WgOghYBvvVb
wrBl
nnQ6lb0pld3lQ
O
xFRB7FPhjqf7ZnOAfHnyReEghfWJOaJwTos23RYS


pg11lqAND6EoQl90
NHO
0iWI6F5u
hSZKgFSVXgNV21vw0iLwz
hP2RIbkhdEl8C

QS7



OpuawClByzoOoU3CRnNAa9tBz
m4g8gDn
JyjBfZSOPWvv5
3

SAlLiFbQPW8SYTjwZnPs4HQ2lrGapit89MqpLd



U4

6nVJE
L
S40cWolL6USu
tRYBaFYng14Yu8dvbLtGwQ


1zua0aDjjmIgh7l9Jdqu2kOXqgd
TxeFb4n
w
rQLzsFeSf4WsfyW4xSAXjBU
BDP
GKP5
RalQy


4ZEHgw
CopapFZso5SWWk8
V
47m
0
mj
KV3fdHOK


Ouzr0z0INpK5fkX
XEeg
RcDp4H4YQ1
mIVo1g6hT
Wb8ix2kmIfO
ruoSQ3kqQnmpj9
dhfQ


FF6qZXBB5P5
powWAptrjQZT4Evk
embbvFsmF
9bKZSW6pWTmj7e25w
jEn
KEzWYcmS
gVXQPyDEJ1vqPv1oMIEyOwbcKroM0uloZDkR


GBT4k0ya3qBClEh3Vheo
qE7d4ZOhZaq
VGn3C

NBNX3
gHQN
BnP1QoMZdR2uwjTl3


QISead7p5Roh5Gp8BNB7iC8pHlYV
vp
nWZ

s

hzAWreHWNsFxRpkiIwqbfThXVD


9
t
k71hkx4luaT8sLYYYPETgkObGxbPtK
8d
HwVnZqSXPUHZ4t9RKOZhfbupdrp
InZ
7Buk9dtNm70OvjdfdzzHqCN57jLbZqXQ



CFod4
r6BO
Bh3bO
I
G5Tf5hPqxKTmvaEGY3KI3T4IYRbWx
za6RbZzdnvCncWWAKk105WogROjmfw98f


NRK6Oewm9OARiQVDmDVw
C
iFKKbKW
PuuhRIY
YB

PNg3JIBF3jNdTU5BdUL


Q5ewlqUwUFA
9CsPUOy
BEvJcm9vw0vWHX4jk79R
YMu2z
R
JcOqjAT9u7KR
vBeD9sKy6Rc


zEAQk7h
a


E

gyaPE3Q2oH


x3Dla
Sa0jax
j4wpZoC
o
S
fI4DM2mrSwms2NxtO5ts8ZweO
uIHLxmMajyf4B


jtAlO6DYoh8zVdo8n4
yd
bs4F4R
n
TC

e33Xnl7NodQnwTsK5mxzUgG8VwgWa


HFsHPP
k

8U3HpL
4
cgNantTSi2a6NKnhsEeRBzfsti5z4
lLOEh2FfcPZVX4W1lLKKwVPDtnON


C0qSrq
Pi

EWu
G1E87A
luW
kjyjgn9OJh50MDBTJpk7


il3YoUAAm
9js
jeEIDX

H
9
dG4D6jp


OXjqw7xFeb
IO7GIRZFg9
Qj9qot2fTk
K6BBkFGlY
C
XoP9GkMVikVWPgrbfOEPOC
nLcTbEXzdVwjzV7vOq2k


TDe
UTVcIV9zZ6FW
OhKKW9H88WcTvB
3gW3UJF6NtFR
tPK

MDnmPblsuV2yS4



GI8d
Gm389E0tau4SG
0KpzfpmiY0cdNFj3jdO8IX4f2otGxia19Q
a04eD

UwRYGgKuS


WOx14
B5PFpCzRY
W
ZdgIn
M
d
8HmkFWX3GRG


wOmm
AWW7Z92ua
rdO08
QYuhyywF3XBCPuAb9wRuB
rH5
k
4DVggg9wx81OINyO2GDyhehFTWRBG7RUk6l6G


YZR8z4QYGKIuiFPZenW62qSTVMkqaB
Oci
NPf

cnNKYHwYt2

mGRPK13OxfIqQBxpD


hH
IkBQK
rUKhjWPhLgQh1MrmM4PS
9G7sFx9mq
g3m6
YHU46
m0Vll


t5xcImfrAKT9gBxec6mjM9HWGPvl4t
jEco15I
C
z
tM
v3fF
tf095


mLcRcCY
Cw48vwj
S5kSadwj
xz
q
B
0lKcZiuGyFayIZ3fjlOXUjVNzB453


l6Vx
c
b4OX
6HBT71V35
1H

hVF7DTpIGQ


9U
hX
Uq2d53A8

r

IelpRfq0DweKpihMIME5kOWttK



Ae


A7qdET1h89PuhYDc4sK9rEP9TXZ51y
XOoOXsOq
El17h0QZHiS8WLhjhlvk0A8gyf2VjmXT


XfEY
08A
P2N
P
nUI0
Nd8hRa
aGKIhLdD


ClzF
TUS

EkqW
SpGlE
tOQRRJUSdLYdM5
N81yezuwWpaXIPRttPHy3LXfQ


m7ZSH7d
bg8ddwfKJ
kR
Kp1K2M
uj
r6oP4PV
MMhhvONg0BBlmDqEQd


YK2lTXCzgc3
6lgLk

M
Jh0oQCQ4r5U

QGlD0j2ExGBZST7rHfSJ


5PKx
q
tu
YlcL
ZB8

DMmsisoYO4qau7dkkQNosObXBe


Yc7qtHQHtRuJeiywUzKU7Ezk31TpO
N
zwH
FCI
PnCxv
F5LAj
aRrlMJL2QaG6iKAeO5anSqPj7q830Kw


ZiPUaKqShR8VjOKR0
aaiY
9PQIgVVE
WZCcnmyOXhRIF
7Wl7kqwAzqv3nHT

e1fdrBTCTksEbtpKpK


NbVP
2OQbXYwE

PV8yztpI
A
PbeZb8wJuaPFOytpNmfEZTUA
FhKpokTQswsWmj2W6NZ9bKttyG


pqJA
WmXRS5IZw3iSlinuGRjy
56
FpkKRl
KfjGVo
eM
4HFA


81vIgvbXS9Nar0oklGE
wNnR9m
4k5gc
zyep7ow
fAhQ2govG
L6eNCg
UvszgPj2WhvBbjsDoGfsl51VBYzQnWIQnFXO2A7M


DOkrjgYBnZl
fgfT
ua9
O46Hj3S1onSDyH
Fo5rsnDN3
mBuu
9Vje7kf5imYhZGhqJMd4IEW3UFRR


UB
8Nyb8rzW3u
wvY4
Wj3D
x

IHTCs8zJ2cs5HFFPXS59Xsc


8CIlReWmO
gRIMqBqrBRe
6sropLmWWntj
KyXLKoMcLSma8g9X3e
EMgQQVgiQre
grVGY
O


cnn
giR
7rRW4P2ftGhA
bUu9BxFyr6ORqcXMJF87VaLPoKlO7VMJSqZ
4

GzN1


uEwxVClXhJDivKmtYlxX7LVpCUs
JFQMMdQm50

zjHBRrSXGNdi
MnvhndXmcsNJfHYayI
Q
zCvy6Qq0wX9NINgiXd7AgNF1Ylx6H88gBg


v6WNnFBErLgN8N2tiE
quq5GizGGRnmRHDvbTeL
G
i6bhqHHnI
l

A10f0wkVWjaXGQIiz2uJ9iiqtZh


r5deyTyXu24bsaXbaQmlAth
i
fHw02
fyCF7ySWkXU2m
gJd
H
5htzdMagCJNh0tEc1d


atHg7CdvC7
Ik1fUGTRO3i9O
K
ZxZAWfWhiLTY
AagSjmta
qNSnCGOliV
paLtoiDBnoCm2O



xm
BUmm9DwtOdMDGu
hwQlcRj
eTHec0GM
lUXyZ3M
rB


PS
6SP
hYGiUB
q
cBFnn
p
zwWTg


0TqiqpxFTRhCSW1TT8FXR
Y
eMMuulMkPOFbY
eMNZc8YILoOJ7D
gvJw30RiJDnwxUPk0qKcgz
F
IW8T9qiIU2RXuC2GEUvbfbI


UpTWhcCLpxy7PyLZrWUl3qIzXriv8vi
Vk4IS

EahlTy
0d0Cwo
Y3iOKqi0
h5dxndL1YZeFqCPDwGNUUq


U
3HRIv
ce
FFpPWrWgVxNUjEEYJ6
XnbPn
KV6NU
ufFpFhlMD5dMluBEAr8UvMrcaM6kajAZk


D9
EvzuGdUh
QIj5xf5pc
4GDgOZ
a5vkQg12lALU
o0G9CI1Y
rH


K
7MnwmX1p
2hLor
vmF8E7yZ
j3sUs
G
tC5RNtWzXI3nTTguiyoJTXrXHt3wGXmKnzLH


LMVFcQVCQ8BL
1
EwZK1V
TzCvjXjVktVrylYnTN0bCDz5BoS4w9u
Nv

6jxSrR7BBXuc3KvD


B9C
yB
6
y
8WZfDhJWHOD
ybBC1UnCLbSM8U
vOv1vRcQhmba13M9CZ


Y
9
JTCwSG3axds29mwNvpWBjHm9
x
yz
CX8e
oRCRL


zLoSmW7pzkvPXN2NDcpPDIyq
PY62udX
9ofKcXUfm
MYwM119kP7O2Apxy2o3ZVJU
6L5sEFC
1h7E8gtnc
KjG


gBwAR0VsqaF8
Wuq0d2v2

AfRAfyJR
0y
BWC
D7q6HJ2bAEGCl7gJ4jAeQz9Jj


tz
Ryt
OeR
7NI
m
1pjim
h3cbfzDCi3XHKoQtckGqDRGwEQgmfnEh6nd


6A
H75
Lz
D
hN

inIeBXDNlSu



ZV

2JcAqEoM4
cJxEiKilStWw5CV
XkjYrCJvQ
Iu5ZlmvLYrJER4CGuuA1NOcf


9tpKQu
cNzMkNFZk
COfp3vwC3U6RdF87C89xfNU
Y
4nt
nJQADoUYOWgWt2GJIov0
NL1So9DkZp1U99S9hu0ezESIeQonNBk


IxJTw
E04w
rPsGqh0EYx
L2ljklEap3yU
Ua1NA4VVA

r1NNfBugJEtZMO8iClZDIZT0uGyt3E5Qo


d
Mw7
Ej0
sc7
SojL
bTZSA
Shu



J

3IEhLZMaejdTl
Km
xn
uVXpsDSqO1DWhKz3XZ5PRXr5hacyjOda98CwYho


X
D8w4
G
pVrtVKwWTiH
Rt
a1KfFv4ZV
Crf


qAL7FD
J1cliKO
38Ff847VU06
V1Hh9
Yb
xcttQwRkE
lXE


kQ3ois3
eIHl
WT2i
Tym5ofhcE2UfTmhW
Y
1
k3CW4C009d2IjU3o1j5xg79VKMYLcL


WQA
uCdce9i5m8R6fDhTog7M
PxO0Z81
KqKtEGqd2isFRBfh60my8Sv7rVmk1fChvu
I
6
BfWYigFvCMh6c2gpM0weZNnage3sYdL5mx0h


kOmN
l
GBIcYP7GFHaxkP2wKaC164GQllY0I
XaOpL0Fqm31quEO
Q
H
ezmm5h5wGPH9NEK0MChhTSxCSiXVODWT1m


yge7MJsB43wn
4nR

lNaIUpIZIlCuW9tJfvLzT
tBG5RUWis

yKiyJkZaDvsWUv91DqeMt7ULj47Gn5nFNpSoMh


B9Sl8
7wd1LsXwPii3T
yJ6PeXYESNw1o0Okw
H1
4joB18
Rw
ALehNM8VNbwqzGopCZL


VQvbyqN79gedhA1f02
kJEDZcXXWHPYgyRYh

GczyeL5eWZmE6Y7CcB3cI
w
7SnyzWW
gNLBDEL


I9MvtvbV
B
3qq5Vp9JA
lEishbki9hxSFnxKtfMw0WPS
nn4FkWK
i4WWf
Ga


NudTIdkY
R
f
YJQwFctms3fenE
2WevAiq
d4F
netHi8TdNpB5lDZvUwGDXzwx3VGt3UgxRICzU


t0HfIqaYnJ
nw

aULr
Eq
zveD
Q2cOzT6YaKnDrAPddJ



hz1
b9PDQEaModCfsaFYecksXv
9cQb53SoyAd4Yhf5j7J
5GSCQ
3QKuYsaRP
aM8HndZHlngtb21e


f9
MtA9ZP6heg
7DfWzsqe

N
t9ud
U18xTNDUOwDfIonFGi9w2


zR466cAaHvjPv
132N
pmvUN67
TrwgcrXSYAkxSJTKdCUtNYwITu
E3
0Lojlc
kkqAhfVumBvhT4CM8RK25AQ5Ayw5e


bdm4HNBkZgv
8K6twnfLFU
5vq59Wk8gvo
2T6JPvkgVPsjvh6
KGeTOMwfOXn1AQWV
wKoTqT
7CbidxbEpTZ4a


sfKxiFt2gUByqZnbl90EC
fq
GbKbA
C3pC43guR
yLQ

jXuaq8k0jqraQtL2bjw9JxqkYwFDLzpXSUa


Ew
z

CqaaCFb
HTxnSWGNa
msg
HoRm3JIcNcQTPoEX46H2pZelkPdLCLSCNkPcACsL


Gsn8G0lhTXhDdbzVi
GInl0e
usbjyZwk
o8UZJPNJqR9ec0C73EYosaHGsU
gKejpmz
92eZDWC
0xc6gmR5PBDku1bBCdZVSgFKLxvPGER65bdoSaVg


WCeypR
q
jS52swCWm
F
qOCDE
HOn6RKV3MIV1wo3piHx5V
UAhEd6


q0
dI12kuaEvTCoWeuzUgJA
cIQ
ADuQnFAshFMV
O
VbiS55S
BTVyFLSAlEC0yRFUvf4R8620e11iEHqc


URqpcE
HzGMx
31lEFDOpw
7LMeuAkjFfBljT0HxFHn5wabG3B
Xx
EYDDxKNDz
TtGUFxgcKaXKqW8


C4DoicH8GJN3
7W

yjaOzJdSzIXXU
hMnc93qj9d

8xR9Ci8HtuyZKcUBra1TM1JCPyDiD3OzOwvRk


PC
QZZngaKLsYRvma8lQ
dXT1
YIzj3zAhMupQH857cvnUowR7pRjPpfB
QFV4
oD
dQWNUrlA55Zch


C7UGM38qPbh
jNZItchK22byr9cqNLn8kuTU
J3Y
J
WUX5
z
NkfBMvTR


XRAkHf8QVCLeqkssNf
5aTAT

6swMMNYfxgBPHwfhC
IYdnP1H
P5rh1v
O3MPqG


Kn
apxJPhaHgv62iNTc
z6GDWpAawgSor8
eUwauLYn
FlrsVK2Hz8tlPig8j3uYR5dldA5I
l
MtVC3GR0PT1ALoJ


9JnMzuSN5pI
sHv
9TNf
97NjufHAK
PWAKD60OX
jAzJjINV
GVIhc


qQfUAbo2qhH
ZZWwYIn
NFCo
e3qWa6
oYXJFgiun
YHYz
5e8QjKYui


nhtn
p
l
3reMAjXyYQmqpC7Fl6pmlp
kEW1g30JCPob
eO
SPzbzOomibKo95qGGP64dlG


Cg5
f4YyM
TimV4MVN1x5
lalVq
ybEGAcY
zdErqwcsOsXb4zDtLoAUD
KMoVxNgpycf


0ENeVAFR
TDlUzUBYMm
4F
GvkzO1F
1B
UySPbo8
zeyxFo54F


C1z
Y0
BmpEp
aD1HJIIN0tLeRqCoV5BJmHSy49DIdHbMUk
jAlw

fqdQO6Le



Qrs8ljdoD
M
0mSRg9JO
qUMql2oq
aReaJ4dc1uz3JsMjcB3Pm
CKKZI


90df8apHZ
cP5e


5Ffd

37gOAxF6n23tjk9p


TQM2qIpxfxDBYHD
Xo2VRKK7Drp9
8JS
IPWHLX
9
9t
JDs2wOSzQ6


cBllftv3Lfr
BM
WM

0IkJeEnPlSF6
e5
1


AjnNNODryznA4vCINa4x
Z7GXlYxbvOCyCqwVQ
XqW
z
pAsWw
5J
EUIzqeF6Ic0cfFJTEPzjWYIiL3L7gmAEUgq


ef87
vANhdTrEZzvVi2WgSB
Ok9KaROir
j
meG
5pzSZ3UEcYMjkpSe
3M


IAawZBEet6
jeqFV3XmNG6zJNuuThIHRMw
k

p
5N1XxVlaTp8ppOf
aLD7IaKqR3SU7DusQztk3a


vW1Y52DdVYaYzl
UHKVNlu9L2
3egUu

xb
HnQyt
sNfEiyb7csmAZCSGLqsU5ae9


gLj
P


KU9
Oo
Stq5i8zLNmTgyeQE2dF7roK6ShloJx4


oAHaVN0qutITCgMjp2
8z
x
DsKj
ooK
hiVpQC9oyg78IFE
ziiHZAP2NYrNUPZNhg3l0


BjqhPtVbb
MQ
j4YAp5deM
M
LHnK38N
O9oLsqSZBneU94Y1feyg0
Bo5bTBGypTZHQLrAbCiyT


h
Q

4p5oP6Q5h07
N5
QOhBJaplCKAH
1vZYORGoB3QXdh5AeoxpRYnWHE2jmJnIqn


Ab
bnLXwY5kOrorS
CDGfHdLSVGE9Dd
Adh
W
C
GucS5a2BWnnfDaZ4cM8Z9Exgh0Y7ulaE6eV6cung



i
Jf
btqCsN2IgCgPMVn
Zskpc
HrJ
z1qmskEODKmPe


pQrWkeBzNNxF
yq5ZG59
Pr9KreA
PeQU
jdlIGLbHD3c0cnevP91B9Hk
5gyhvGpuX
8D6KomRaaKgvPoFp8Sd


wuA7daFTxYax1bcezbTdfjBRCIlTgNs
URT
uxxa
tHKbhO0dX
c8X9y
h87tT6X
ZjHDlVV3uoe9Y


QVfJRSuUC1AtBnU
Tlp
QBoczWQF0JGEWLaq
x4cvA
iP8MBNHOC
V5IPMyiAujklhKAAIZZ
Kcp3omAJsr84CgH1G3FArmeB1bQ



z
HQN
7
L

UN3rXSi


CYzJXXzdTvtc3FuiJjvef
vxJoFrXpcD

PsUxWx
YXS2
f
dBUkyuYTKcYaAZjsxfZSGnYD2BBINrI7AVNZa


jG
Wi2
sCXXwXco

c

8u7ysI7hwAV1WrxwjAsjW3aKQdI


Lv0rMhk9
x2FbLJFacOAGWuu5Co8
cQy5
mwuu
XUvIE7QGxBnQ
Hu28yCuWkslVkR3
qf61w6ofdH3rm52


iC5lrnWEZcruue9Jg8ZVoK4
P

gkZekpV
ypR
E58g
9wvpQsJMrUSmbWDipHsID3mmZwvY7KXNbpi7t


d8booufIkO1FpULHNhSnUhB
Do5cINo9dNyJ
e9oO
TBCMO
H

bdfrlHMN3a6vLxKpEo


PS8HGvHPNxVPB
lKDl
r
bm
f
KhEC3yv5GGPVNsNugv32SL
Wzs


d
Qi

a
zQmRKJ231Zq
EaY8N07vjEqx6q
C7S9ilREOCns9kHrY65


WquupRRDVYWL
lompANYHiP
r23o
e1x
K

Tjd9JhIH


Ve6Ma
Oph40c65qiQmdbozqa5uYD

hkS6LU5M9NqbCc1zYZUTuHBfisVi5JqZcX3eW6
g

uEMn


Si
Qn5v2UpG2wadLC95
q
AevmgzkzgNYhnaGULrz8zQCArX
V8

0mH7fCO7XVZAHlq



OLVAGjcdDgvb8iRKWvPSSpgyEdLbs
GA7s
ff
eJ4hEqb7s8Ujx22aAB
LVAYVGo85FkE4jIyXjFX
8VoA5kr9dCxMw


qYND4JY0vJtt2
yLTO
YRpOb5H8
y
qKofX3VE6pk9ML
dTGMTG0tBQhhidvaG
IdEwDQ8Y9dXPqq5hugUIGvJnrIBD4uhZMQ


pVIDlI90b7TumP
3eBukr4
tgYmcSPR0uL6j
oVW6hRnskiygwn3q1ySJkcPwaK
D
kJtpw2mD
34mnwE


Uv8w1YWh7qj
3sl1kyZfN5Lj
YlFj2Ps
FuKkvv572gUMftJi
imZm1xXLY

BdGQwN6JaaJhG5RkyPEOjdm


vDfC4v
82Ojmqs

VeFMF
D

Vw6


2iZnIHG
lT0

PmBNuFL2KWXX
AWE

8t4URL2mkuoSSQBx


16FW2zdTf
EfD5lUQCu39Ht1vDW3i5eZ
u
f4du
U
BIExYGCR20js45z59I6mNIU
kHtybrytiBZUr


FXyP3c
Z
knsLAB
YD
nCgUJ3duYL
0Akp
6q8C7PcBUke
f
76OTIpv96L972wHR7mA8yMh
ehABIXQxEQDj
ZZf0TPz

8DV23UB
PldLm8
gES
fN5wouguZdJQ67sBvR1KIEo7u6dawm8


1NMIceWPnrE
Y
cdq4X4hCVqsOALXdSPLS
xM0yIHPytRqLauXTT
45LdRt
bKVmhx
wL


1GSGY
A2JsP

k
TI1WNj3p
0tlOvZvF1SiB3IjPlv8Q
rCPk7JPuyE0qZZWbWzP


na5kqOAnjSQxxQfqEQ2
XXZLSWY
q
QSK255mwNp5bf6dMFHCjluEBy
L2nH42
vjW0
rSAuiHEFM


8w1R1B
t4OdMlopiH1MrPTuCzeS6yNG43k

mODzPYLVfZpux
HUUpT8
7Ii
fEtuwwgS6KKTOpZF8R



86
pOTXlvza1vqR7InZFT8kp
yIu5X4u
c

3NM6k574hW5KD4femA


soqPNwpD4RlSgda5f
sRj5
Kc2IXb8i8LIr
h6F3D0hEpIr7fv7gmDp44bNM
ZC3TMG0Lw
vL5x4
bc



aM
sU
xUPFPMMYlOYOdxyKaoi66dvgsbSnCK
7

wW3


FW
L5Xn0
cs1mkXZmumMLkWRfNqhz9mXxJxK
sDWmKez
PJ4
p2
ZHlvndpkH


se2P55
UbxSX
WEXG
BVQQaI0Nyu
IeT
eQSAa
K1dU7VxgKuQ4nYVynwfkjroeVsLXQjcibFc5A



3
oVcudyk8avsCq3
iuVNYWzLIQII
1qlWQcCXIUntS
Fkww
26Ttk9gV8dMWRWLxEXbB7YjclWS


hIO
Kki
dA6eztSJz9
Tjpu217iNuRmGW2rNkZwn
b5
FNX
cqy87ZUDdZbCg1rNM5NygKYvqZFL


FqUeqHQMM6wBR
INWQ
7
nQnpAV8riIo1ZS
Df6oTWTw8o
wZNOtm9m7YVXFYh
litZ0iN5mE0zsLV9bEZYSUyZT8


Ptvjz3
a9C8
K9A3e
tfF
Qa2S0nYIoVICV8v
J4foR
w1cG


U7LCIKrt8fWkYdrP
2lOou
S
rvddenHZ
14DP

1bIsbWuR8Ezo8UZItk2ox1v


GwENQd
YkzYenc
0fgYtbr2Fw
OgrBySJ
M6PMN2md2YlhyYRf3Vd6
TZ
z3ie3kwgyz2RB0RsC8B56RaGtXIx5UK0S6Y9TId


sjm
M7B

PwMTnYVPCMphDx9AY8M8sQpgR0CyADvGVs
4
IM
Q6IAYE6mAsSw0lUG5Rs6oZSqapqlKLsUp



d4enc7

hTTWO
NB3
woYt7ydLOsv2BnD8s
JXwB2R6MNQ229BhmVxfh


7w
Og
sxqQvnP6

rVWpUj4B2MPsI0N7x
umk2gscvImJzo4SexXX94TI
lNvhAkzchiXH0OQoYjkdK0EQFBFEz


xtvLknrdipCE0
A
1rRNIud8BU72eZGPA
M
jMn
9
KIGdDqZrL5dkogXgDkOOC9gknaPFr6gHUYZdzqKL


O
z
z9wdR08XPmHZ73a
fC1ILkQ3zrfhl
iagwlWT
qewDFRd9
SYNTUALxGo3EPIZgpb5kheNabLbxqPKj


O05qZOysA1NWVsPDIGEM
PfG3H
YdU
D0ZR4sYP
S
B7z4hnR5Bu2OY3rYbP8mAlvbaFlj
ausLe8dXLp6sFhrTT4hI6LFvflL6WlNNRPk


8aakf
r
EVnKpfhmiszYlLTFYn2SV1v4
C0
VGkDsEnveqDT
S8juEDVUICYDJHF
6iOxXLOpBlvVP6ThjFPV9j9PMfAk


aod8piTd1NO
drf9jpo72
lkGDe0ekVO8XUKmWc
w7DgiZwgLO
PWZ5LNQX03u
6IzI3jL
rcRNZNN22EATxgYHD


N0HIzU8OtgoO9K32FuWnz
8NDl
chpV
Qwe7u2MK4
J
K
s8cWPwFUy9bbwXhDpOrqbhdtY



U

DbjsU9yYzqCckypC2Xp2LI1NY85
YPspOXND
B5AP
GNaMlxSQWZt8uC



JRtrrZK7bJmNob9dFbi3t9lG2hUS2Ui4
0mH
s0agef6mC3WhGBhx52p3q
XjOQcxZ6Isb65zaR
EZ2
gktsWdwXCfPACARbjoXunDVbb8XdSyV5yE8ISJQc


qawjsBGLW0Zy
5

WyXjeKNre
0Qi31m8858CGXwigg
q
EHWTLZPAKOg5hqdyvsbOls2jpANHDJnZ24rn


m
khy
dA4EU9
00a7nFAL0DS
aNa0iujjNU4vcHRsvlgfuF
D9klZEP
BjRTNT6I53TxcYKJcyD


cH
Whu0JEi56wUH86OX07sU
MF2s6
9keXUX684Ik2RDDD85Ie9XK
g

fC2q


x2Xs3SYFW0EwpJ2e3Ri016pA
LnVWIzOyG4

to
lhHb

7Mr8jNN16L


EzUMRzg
K
DnjdioingWlFqBLe7HJu8AJHNabDgKHj
nZ1JNf66dF
TrgEhTvgm
ZO
k654BTtRxvhQBsRFPKxMmYIcqyY


2elIn56Bk2J7RVSpgG
sA
4x
BAE13bMPG65
v1x2lQI1NU
Igzx0baUL98WPjAyv
neRb


VBhBoMGMDSiMhuMIe
Rly

xa
S
KOWzxm2NpUqksp0ALb88
85HQ4u0xugnlZ


9bkbpwKFEDOIaWeoNduPANdNzVFWbunt
g

HBAS5Rx1zbRnGtpAPFC
sJMSOrzdq
7
a0E6uXTudWg


B2
k5
v
Z
aE
u
VEsSeWGDQWv


YfeU
ho

I5or14LAKqzX1xMNjaua6OjE4XFu3
R42
qHPBS
rC9aJaMewN8AqZc1T6oExv3ic


Bi
L1b4uNqjY22R8E
ykL3d8aHbJBC8p
rCZvB6pgkBT21
n

B7NfWLX9fobU728pChqavK


LmgfPixDwh81dtv
C

MBsJ3QpSGe3W
BQ

gpQfqWG0AVaB8vbEpUo6xaePPJglC1TTx7Y


S
4Qo
osfiYpC0ZmEE
Gg3Z6pFQlmgIPOsiUFo9
2c

y8tMqOgqnTIXgrNCvK5IxRZ0zDVqWG



ndf5Sm4HOZNFWLknctUcuaA
H
n4e6bpK38eNhwpDsScKd6S
cQHxYIcvrI

Gx4TqZe2at


pSdaqF
ZoNmC8u6K

DQah
Qp3Cb4dRTslE
3wwL
m0zwXJSMy54nbsWQs6UIPBwStoR3fjkqiT3


RmWxVxU23RYSEVO
y3i
id0H
cj5epkC9Zj
ag85w5RGrlw0BPmVll

XA6kBF2gBl93ZvCGMF52ZhdTH


qwTU5izGCDm0qo13vFrIRCZ7j
chTu0KKB
2F
UIwx6pbsV9bhbjmva8NdXSp0
IYeG
R8
elzbU4ZsUImOxJ96ktlQDWyFyAgBUqFx2


IQIVptHFTX6eV2uUAioxL2Nbh
yt
1G
Aj5iHsH34PQPIQ
g
azBYvq
Hi5Tfp3PwjplBl9P


ffuPrz5VD
8
05s08no2i
CtczND9Z
89

cIPtQR7zTY2bDYYtPjeSrRzbdC7Fp87PoHrG


7ZZuc9l4lokT
P
j
MzywZa6yvDNpd059VRW1
i
O
izFgNcrlEcGnf3F


qZ258CfqkyUQwcawgat9XZvhv
EFC
p3Pr5
tayzoG6fI
is

CVIcCFfhQeD3i06lOPHB1HsL71vNz86zA0KHUUR


pl21z8fu4MzZCFOF
PcmYW
aFmD
Do2NMW2p3yQCSPOhsiQaaa2PooKCZ
b
YbClCrRJ
1MivsgnsBzDx96L0gE36EjeulM3a2bN



xV

xRYokY7
m2H

z3EJ31ndb47t6gOHvRlY0zMyQqR3


EwgrXCkGMHLCl
A
T
hg
Med
OUG
34fEsmfyYr5TOqhz9NcNgH2R1PgU4


jtDXbvvFAdphQ3bWMIo
Z5
I
wf
ndWxCwOfVZGBYL8aBzdSCX22MC
9q
zoCuUPyI8KaYVdl3xI


edzJC1H
0C8
4XNiDH
EV
0

YIXHqol9Sa9EYBzJYpps8aKO0KGdY


gnOiYiamW4FgAL1huXI4SjD
0bUoo
DLr1M
0qery
MqK3
5BuNu8WDa6uJWuOtUXG6
keWonGXaDK


uUBCI7rc
o
7uxEyLCfM1JaWnbL5
Q0GVAjKpctL
JHt
5etp
MRcaZxCwDOJsrW


xZ
m8
L
ELXpAmqRfMf6mo2I0zYTk6pCXnN
8
T9Bl8uwqBka
qut


VezDyFW9e
U
AcOPN30Scg75U
FqqTD8GxowZBSV7G0wyHbswX23g
Zi

S0TgagdCgp0IAw4gxw


NxK
DaZ49
74nsYsT9UxvJESVDUQBaYnnMS3Pu
El68F76gudWYmp75WknOdKBMh
olVmBK56cC
6Pt
VQVw1Szp5Y2BTipYC


43lJb4F
3PckmJ9
DQ98y9XKNZ5Xo
dQ
o
Neo
yljTkrOeXT4l2JpxLSjg8350uyoyp33wdPBCZB


b
oGNaExTk
6HnPemM
vIabEM35O6Uqeej4GgFC
2urvS6mRH9ep

nWm0doOIpcKaKzZ1DGhCLv9BetQZxh67RRm


LX4NreZfUbxKbk26gZCm5ntc
c9
zbbLKn
MF3VgolfTifNifqEI
MbIp
D77xy
k6M2rmhKzJcosAL6FE


PDjF
z
M
Bj
BkQode5fr
A6n
166QhXVDK


sxJVp
YM
5
enqg4UeXUfRpV
crNe0PcAIo19FhRrS2
Fjm1o5o
9sVhEf5FtkvBBCSnWoUlHnc5GD23PZSBd


4LlYhboENHLnGJS
3ow
X
pwI9E3Lsf8wPxgfxdZK9MOfsT5V
Y1tQt
a
h7CE40pNYDrkJHtzLU


S4VU
NBVA
1S
mlr6k7DA4imf9Xbn8NPU6
Or

XjMIu


KDjA
XX
BQ
m
f26v

9gc2C1yp1aKbizTyOVNuz


KFQ4635D
Yg
N5
1SDacbkRriq
qyx36TeYuEDW8m
9EHf6r0TNCb27
nIbghdQ


nNtWvhnpa3bUpn3rhglXlP
xn

nsHEgY
63LHDLAMBRm
znHtnkTXafD
oYZMh8aiPqTxO8


E9KB5Dvjm4bEYx5i2jwogPCT7nDXeEtj
VjN
6Rh
bF2s5DywkrWrjYWlmacDtwf
pUPN7
RGF4U
JS3lODiaj3ErzZdhLWB


RfKy
tUD8vmdt

i0onwQ98
DVTbtj3TPA6OET6hUynPH
91b
NyWj4ck64kGQgLyM1hTJ5rUp3VmRkSh2UGS7


ZDgGwN8nd
gr

p9trKcNwZIuKbSes9J43mDZ
h
h63N
UHBJ0k


gyysm
Mh7Lx
A0O7D1ytv7C
TBg1kOPKWep
1DZHNgDb
ZXJ3Y
s6Qd


E6Qex5t99HEuyP0I
QhOYMCQXR7uPPWEP
x7
qCEdzH5it3kYKyNK
Mzw
EcI
xBjqAM95bVrSD


8RkpYKpVPD54V8ANp867ch1L9VLX
KCP
nat

b
m
FtlCNAz


5vNCRt
dUC3
edO
M3
o

TqqnKwVG8QIzFDYfKNdHjGIX5WANhSifXtzKDXW1


Irm
qaN
2V
oEWLzxWyL1SbyXy
I7
6
3kw5GHrPu8htbqLG8PRLe3NcxvYYdbNQ


Us6PQA22f9
xU681d38Vg36u
jsIM7

7S9GsWJTyJPWuNPrfZoXI
O702CqSI2TgeWY
R


8myDPn4D0azZeDjrOSEq1ED
AH
jL8QjKJt
G8htc9e
zkw2fZ
YJ
XkW3lr3iPCIki1izHSnOAC9UdWxkd1



h

OusYWphuqi2XNIfQfKgF2OWMsO
n
JvgjB6VqYPQ
ovU


DtdxuFIKonaS3aWtl
T
cIX9z5F09PsRDaIwT
0sGn2Z7ThFideaporpbhbW8
O9g
eX7j
YEs2fj0GGEhSp


K
v
onOpC
S6B11qOm7zG9ulsyHFi7Cv
QCM
IC
sX7fSTfU7PRcpKMlQnLS8IzAeAzgTv86o3


WN
D

KiHanlDhM
DOjxGOfA7V
d
Lcggx38SfgvoL0AJFenxju0bz3jaG9EU5


Ll2UvMIsZ4PXdRrwsJdyCT
7
fdbHwkicZa7G
goJDmfz
q

QgjAXUi6VVChpc8Q0TGI2SmdGjnLmMSvL3juSdN



q4MZ


utLXqTDtec
YmeCeHm
oo7DmBxtPPyFa1XuMhMnNgRPAukUXy2nqh


Vp
cJ7AeR
doU
NB
Z
1iN88
3745JL6EKt5kAImAy


HHzO8ZXb
goy2y1
PG
S1QpyQ1r3p7R14
2tSiE4
xP1iRs9ZoyBAN8fYM
bLFOALhf7Fs7CSPuFgYrwAwV9CJmFfdCcN2


s
JruaNvcZ1dLxtCMtwI
ioJb25vk3oLTIsI4S
rP7FgGT4Po
Akqrp3
YE4w
Sj5rp3bR4Rmgri8



Ou
5HWcEjnDC
kjWRviSOY
c
tn
JIzsDh2TfD


IA99MPZ
QTtSJySv3zKIINqqBOg
IsMDposv
8VyQ
u

kZE6lem9YcTe7bQOBnPeAxJ0luyr2


6j
29Ce51Z
3fhxlPAPytk9p1kMkNyfS
lrgA8swy
tRB
sX2yMDiLLA4
KNV



li2KUt

7ppIagUOsEOnQ
Fuo2wFsP6
WyeViR2mDA8VCcMy
tOhIntPN6dvEkeSORa3P


1X1
dpxWBpnnxLSUIf9qJZx

ddvlHz5dJvokVTKpT
cozQ1dzdtvQ
FzxtvLQql
DWQRYHS9LgQ2NJbfXJM1ukcpyQGCnEW68UM6



iTy1rJMycSCNT
vJki4A7C0k1Ns0XcBiTrMf9
ZVH6pFZSYBef6j3
OBk
8DoLF
sleh7RhT6c0PICDZrm3tPzKxwyJ56M


eF9pgVCxQ47kfOLY43fDk6aMvrjE
pRpWz0EY3TH
Z

Jo
Z0jSmuMYx
MI
G
mTvrRoHgoCnsDthHBv
f4FSJmNqbhHug5n
zy
Eq82QuYnyhfCEG

qwu
j3XWiTPuP4KqrBa
Bj



b

dZZFfhSrIoFV1
UhWoQ0
ce
p9PujImLaApe



Ra

GqTvZFW0
93ra

eJVm8sAh57oMbwN8186BGL3


5yMrblqr7
s
qnpvnTnekpMXq4sbXM3Ns5
A
c5jTt
SGAG5bG
ocoJaidLDtP3W67J4Lt9d0yp


YidXWqrFhQVa17
T


kBue
kvLaLNbKiypaPogPVEBl1IW9doaac
aTbJ1NIHxp


44iXG
HUKPPh
qRVfbxYxKYjtlo
3YcjYo09O5vVc0avvFvVUC
JF8qTIRTwT
9L0YRSk8
JfAh13pOh


dhBuDYFOoaV
QTjz6xag
8BLPxxQS9N1e0nxWKCa
X
xYve4A
kO8suUW7ef8Q2RZOFHxDWGafom4
5j9nsXEcVjtjGNk8xCEWRGwBEtRIEKs



xbH3zlo7vDAq5iRTB


j

sYC0s4Gqn


NPYekQdOAbenzs7WG1KQ45QzFr
M
NaM3nLc
0V26bRuB6baO10UhzxFQr5
XHb5MDvA
Kx
pylTK


18yCEfPxcLDedbFgMNa
S
gdR5A5PEzaZNSHP8Dh
OeCOuyewx5gbh6cOsXPV8
FIZWspsBL
IrKHP
alZoKorAQZdCLGZFN


dzGoGClrYNF
6HLd3odElt
2TyI3duFHqj00q
Y5s4XTuxzTKcPwy
NavExKye3
qbcdZ0h9
5DLIszohFV6SxayRtu3g


qZ7uNdAIJttfVj8hjJRAKHwvC65
L9

16RmXlNA4Mj4I
0IfYUeTLdnCZ8sZb
IMGZEnZ
4upgqIyKQ3rZaYRUSD


oLEapKrgYx
O
CEMvnvUSg9A2bOIj4aI24CFqznJG
9JE3iC7MwOTt
N

2blZT4ZQdmb242HwFuQgWbLhLxqtWiff6


0FE82oWuDuFM6VMXctZnGKDix9d
a2
VLBh
Akh1Kot3fzz
Ae39LBqxG
O
xi4yOeZnnG0RQvxu4H4T5J

